<?xml version="1.0" encoding="UTF-8"?>
<Site BuildName="(empty)"
	BuildStamp="20230811-1712-Experimental"
	Name="(empty)"
	Generator="ctest-3.27.2"
	CompilerName=""
	CompilerVersion=""
	OSName="Windows"
	Hostname="MavapeDesktop"
	OSRelease=" Personal"
	OSVersion=" (Build 19045)"
	OSPlatform="AMD64"
	Is64Bits="1"
	VendorString="AuthenticAMD"
	VendorID="Advanced Micro Devices"
	FamilyID="15"
	ModelID="1"
	ProcessorCacheSize="64"
	NumberOfLogicalCPU="12"
	NumberOfPhysicalCPU="6"
	TotalVirtualMemory="42702"
	TotalPhysicalMemory="32718"
	LogicalProcessorsPerPhysical="2"
	ProcessorClockFrequency="3600"
	>
	<Testing>
		<StartDateTime>Aug 11 20:33 GMT Daylight Time</StartDateTime>
		<StartTestTime>1691782412</StartTestTime>
		<TestList/>
		<EndDateTime>Aug 11 20:33 GMT Daylight Time</EndDateTime>
		<EndTestTime>1691782412</EndTestTime>
		<ElapsedMinutes>0</ElapsedMinutes>
	</Testing>
</Site>
